\BOOKMARK [0][-]{chapter.1}{Basic syntax}{}% 1
\BOOKMARK [1][-]{section.1.1}{Variables}{chapter.1}% 2
\BOOKMARK [1][-]{section.1.2}{Functions}{chapter.1}% 3
\BOOKMARK [1][-]{section.1.3}{Basic data structures}{chapter.1}% 4
\BOOKMARK [2][-]{subsection.1.3.1}{Array}{section.1.3}% 5
\BOOKMARK [2][-]{subsection.1.3.2}{Dictionary}{section.1.3}% 6
\BOOKMARK [2][-]{subsection.1.3.3}{Range}{section.1.3}% 7
\BOOKMARK [1][-]{section.1.4}{Enum}{chapter.1}% 8
\BOOKMARK [0][-]{chapter.2}{Other language-specific notes}{}% 9
\BOOKMARK [1][-]{section.2.1}{Private vs Public}{chapter.2}% 10
\BOOKMARK [1][-]{section.2.2}{Value vs Reference}{chapter.2}% 11
\BOOKMARK [1][-]{section.2.3}{Methods}{chapter.2}% 12
\BOOKMARK [1][-]{section.2.4}{Properties}{chapter.2}% 13
\BOOKMARK [1][-]{section.2.5}{Initializer}{chapter.2}% 14
\BOOKMARK [2][-]{subsection.2.5.1}{Inheriting init}{section.2.5}% 15
\BOOKMARK [2][-]{subsection.2.5.2}{Creating objects}{section.2.5}% 16
\BOOKMARK [2][-]{subsection.2.5.3}{Conversion between types with init\(\)}{section.2.5}% 17
\BOOKMARK [1][-]{section.2.6}{Casting}{chapter.2}% 18
\BOOKMARK [1][-]{section.2.7}{Useful functions}{chapter.2}% 19
\BOOKMARK [1][-]{section.2.8}{String}{chapter.2}% 20
\BOOKMARK [1][-]{section.2.9}{Assertions}{chapter.2}% 21
\BOOKMARK [1][-]{section.2.10}{NSUserDefaults}{chapter.2}% 22
\BOOKMARK [1][-]{section.2.11}{NSAttributedString}{chapter.2}% 23
\BOOKMARK [0][-]{chapter.3}{View}{}% 24
\BOOKMARK [1][-]{section.3.1}{Coordinate system}{chapter.3}% 25
\BOOKMARK [1][-]{section.3.2}{Creating views via code}{chapter.3}% 26
\BOOKMARK [1][-]{section.3.3}{Custom views}{chapter.3}% 27
\BOOKMARK [1][-]{section.3.4}{Drawing images}{chapter.3}% 28
\BOOKMARK [0][-]{chapter.4}{Autolayout}{}% 29
